{"/home/robert/dev/binar-be-js/challenge-be-js/challenge5/app.js": {"path":"/home/robert/dev/binar-be-js/challenge-be-js/challenge5/app.js","statementMap":{"0":{"start":{"line":1,"column":0},"end":{"line":1,"column":33}},"1":{"start":{"line":2,"column":0},"end":{"line":2,"column":27}},"2":{"start":{"line":4,"column":16},"end":{"line":4,"column":34}},"3":{"start":{"line":5,"column":15},"end":{"line":5,"column":32}},"4":{"start":{"line":6,"column":18},"end":{"line":6,"column":47}},"5":{"start":{"line":7,"column":15},"end":{"line":7,"column":38}},"6":{"start":{"line":9,"column":20},"end":{"line":9,"column":45}},"7":{"start":{"line":11,"column":12},"end":{"line":11,"column":21}},"8":{"start":{"line":12,"column":13},"end":{"line":12,"column":29}},"9":{"start":{"line":13,"column":13},"end":{"line":13,"column":29}},"10":{"start":{"line":14,"column":0},"end":{"line":14,"column":24}},"11":{"start":{"line":15,"column":0},"end":{"line":15,"column":26}},"12":{"start":{"line":16,"column":0},"end":{"line":16,"column":49}},"13":{"start":{"line":17,"column":0},"end":{"line":17,"column":64}},"14":{"start":{"line":18,"column":0},"end":{"line":18,"column":16}},"15":{"start":{"line":20,"column":0},"end":{"line":28,"column":1}},"16":{"start":{"line":21,"column":17},"end":{"line":23,"column":4}},"17":{"start":{"line":22,"column":4},"end":{"line":22,"column":57}},"18":{"start":{"line":25,"column":2},"end":{"line":27,"column":4}},"19":{"start":{"line":26,"column":4},"end":{"line":26,"column":27}},"20":{"start":{"line":29,"column":0},"end":{"line":29,"column":21}}},"fnMap":{"0":{"name":"(anonymous_0)","decl":{"start":{"line":21,"column":40},"end":{"line":21,"column":41}},"loc":{"start":{"line":21,"column":46},"end":{"line":23,"column":3}},"line":21},"1":{"name":"(anonymous_1)","decl":{"start":{"line":25,"column":14},"end":{"line":25,"column":15}},"loc":{"start":{"line":25,"column":28},"end":{"line":27,"column":3}},"line":25}},"branchMap":{"0":{"loc":{"start":{"line":20,"column":0},"end":{"line":28,"column":1}},"type":"if","locations":[{"start":{"line":20,"column":0},"end":{"line":28,"column":1}},{"start":{},"end":{}}],"line":20}},"s":{"0":3,"1":3,"2":3,"3":3,"4":3,"5":3,"6":3,"7":3,"8":3,"9":3,"10":3,"11":3,"12":3,"13":3,"14":3,"15":3,"16":0,"17":0,"18":0,"19":0,"20":3},"f":{"0":0,"1":0},"b":{"0":[0,3]},"_coverageSchema":"1a1c01bbd47fc00a2c39e90264f33305004495a9","hash":"ba6419973aed61cdc9c7be9f058aa741dc415db3"}
,"/home/robert/dev/binar-be-js/challenge-be-js/challenge5/src/controllers/accountController.js": {"path":"/home/robert/dev/binar-be-js/challenge-be-js/challenge5/src/controllers/accountController.js","statementMap":{"0":{"start":{"line":1,"column":25},"end":{"line":1,"column":50}},"1":{"start":{"line":2,"column":26},"end":{"line":2,"column":65}},"2":{"start":{"line":4,"column":15},"end":{"line":4,"column":33}},"3":{"start":{"line":5,"column":17},"end":{"line":5,"column":43}},"4":{"start":{"line":7,"column":25},"end":{"line":44,"column":1}},"5":{"start":{"line":8,"column":17},"end":{"line":8,"column":34}},"6":{"start":{"line":9,"column":22},"end":{"line":9,"column":30}},"7":{"start":{"line":11,"column":20},"end":{"line":11,"column":55}},"8":{"start":{"line":13,"column":2},"end":{"line":15,"column":3}},"9":{"start":{"line":14,"column":4},"end":{"line":14,"column":69}},"10":{"start":{"line":17,"column":2},"end":{"line":43,"column":3}},"11":{"start":{"line":18,"column":25},"end":{"line":20,"column":6}},"12":{"start":{"line":22,"column":4},"end":{"line":24,"column":5}},"13":{"start":{"line":23,"column":6},"end":{"line":23,"column":52}},"14":{"start":{"line":26,"column":23},"end":{"line":35,"column":6}},"15":{"start":{"line":37,"column":4},"end":{"line":37,"column":44}},"16":{"start":{"line":39,"column":4},"end":{"line":39,"column":56}},"17":{"start":{"line":40,"column":4},"end":{"line":40,"column":32}},"18":{"start":{"line":42,"column":4},"end":{"line":42,"column":31}},"19":{"start":{"line":46,"column":26},"end":{"line":81,"column":1}},"20":{"start":{"line":47,"column":17},"end":{"line":47,"column":34}},"21":{"start":{"line":49,"column":2},"end":{"line":80,"column":3}},"22":{"start":{"line":50,"column":25},"end":{"line":66,"column":6}},"23":{"start":{"line":68,"column":4},"end":{"line":70,"column":5}},"24":{"start":{"line":69,"column":6},"end":{"line":69,"column":52}},"25":{"start":{"line":72,"column":25},"end":{"line":72,"column":45}},"26":{"start":{"line":74,"column":4},"end":{"line":74,"column":46}},"27":{"start":{"line":76,"column":4},"end":{"line":76,"column":55}},"28":{"start":{"line":77,"column":4},"end":{"line":77,"column":32}},"29":{"start":{"line":79,"column":4},"end":{"line":79,"column":31}},"30":{"start":{"line":83,"column":23},"end":{"line":106,"column":1}},"31":{"start":{"line":84,"column":2},"end":{"line":105,"column":3}},"32":{"start":{"line":85,"column":17},"end":{"line":85,"column":50}},"33":{"start":{"line":86,"column":25},"end":{"line":86,"column":67}},"34":{"start":{"line":88,"column":19},"end":{"line":88,"column":44}},"35":{"start":{"line":90,"column":21},"end":{"line":93,"column":6}},"36":{"start":{"line":95,"column":4},"end":{"line":97,"column":5}},"37":{"start":{"line":96,"column":6},"end":{"line":96,"column":55}},"38":{"start":{"line":99,"column":4},"end":{"line":99,"column":42}},"39":{"start":{"line":101,"column":4},"end":{"line":101,"column":52}},"40":{"start":{"line":102,"column":4},"end":{"line":102,"column":32}},"41":{"start":{"line":104,"column":4},"end":{"line":104,"column":31}},"42":{"start":{"line":108,"column":0},"end":{"line":110,"column":2}}},"fnMap":{"0":{"name":"(anonymous_0)","decl":{"start":{"line":7,"column":25},"end":{"line":7,"column":26}},"loc":{"start":{"line":7,"column":45},"end":{"line":44,"column":1}},"line":7},"1":{"name":"(anonymous_1)","decl":{"start":{"line":46,"column":26},"end":{"line":46,"column":27}},"loc":{"start":{"line":46,"column":46},"end":{"line":81,"column":1}},"line":46},"2":{"name":"(anonymous_2)","decl":{"start":{"line":83,"column":23},"end":{"line":83,"column":24}},"loc":{"start":{"line":83,"column":43},"end":{"line":106,"column":1}},"line":83}},"branchMap":{"0":{"loc":{"start":{"line":13,"column":2},"end":{"line":15,"column":3}},"type":"if","locations":[{"start":{"line":13,"column":2},"end":{"line":15,"column":3}},{"start":{},"end":{}}],"line":13},"1":{"loc":{"start":{"line":22,"column":4},"end":{"line":24,"column":5}},"type":"if","locations":[{"start":{"line":22,"column":4},"end":{"line":24,"column":5}},{"start":{},"end":{}}],"line":22},"2":{"loc":{"start":{"line":68,"column":4},"end":{"line":70,"column":5}},"type":"if","locations":[{"start":{"line":68,"column":4},"end":{"line":70,"column":5}},{"start":{},"end":{}}],"line":68},"3":{"loc":{"start":{"line":85,"column":17},"end":{"line":85,"column":50}},"type":"binary-expr","locations":[{"start":{"line":85,"column":17},"end":{"line":85,"column":45}},{"start":{"line":85,"column":49},"end":{"line":85,"column":50}}],"line":85},"4":{"loc":{"start":{"line":86,"column":25},"end":{"line":86,"column":67}},"type":"binary-expr","locations":[{"start":{"line":86,"column":25},"end":{"line":86,"column":61}},{"start":{"line":86,"column":65},"end":{"line":86,"column":67}}],"line":86},"5":{"loc":{"start":{"line":95,"column":4},"end":{"line":97,"column":5}},"type":"if","locations":[{"start":{"line":95,"column":4},"end":{"line":97,"column":5}},{"start":{},"end":{}}],"line":95}},"s":{"0":3,"1":3,"2":3,"3":3,"4":3,"5":3,"6":3,"7":3,"8":3,"9":1,"10":2,"11":2,"12":2,"13":1,"14":1,"15":1,"16":0,"17":0,"18":2,"19":3,"20":2,"21":2,"22":2,"23":2,"24":1,"25":1,"26":1,"27":0,"28":0,"29":2,"30":3,"31":2,"32":2,"33":2,"34":2,"35":2,"36":2,"37":1,"38":1,"39":0,"40":0,"41":2,"42":3},"f":{"0":3,"1":2,"2":2},"b":{"0":[1,2],"1":[1,1],"2":[1,1],"3":[2,0],"4":[2,0],"5":[1,1]},"_coverageSchema":"1a1c01bbd47fc00a2c39e90264f33305004495a9","hash":"67abbbecf551faf3235ecb4f54202dac1c9ba5fa"}
,"/home/robert/dev/binar-be-js/challenge-be-js/challenge5/src/controllers/authController.js": {"path":"/home/robert/dev/binar-be-js/challenge-be-js/challenge5/src/controllers/authController.js","statementMap":{"0":{"start":{"line":1,"column":25},"end":{"line":1,"column":50}},"1":{"start":{"line":2,"column":23},"end":{"line":2,"column":59}},"2":{"start":{"line":3,"column":43},"end":{"line":3,"column":67}},"3":{"start":{"line":4,"column":20},"end":{"line":4,"column":41}},"4":{"start":{"line":5,"column":17},"end":{"line":5,"column":43}},"5":{"start":{"line":7,"column":15},"end":{"line":7,"column":33}},"6":{"start":{"line":9,"column":17},"end":{"line":33,"column":1}},"7":{"start":{"line":10,"column":23},"end":{"line":10,"column":31}},"8":{"start":{"line":11,"column":20},"end":{"line":11,"column":53}},"9":{"start":{"line":13,"column":2},"end":{"line":15,"column":3}},"10":{"start":{"line":14,"column":4},"end":{"line":14,"column":69}},"11":{"start":{"line":17,"column":2},"end":{"line":32,"column":3}},"12":{"start":{"line":18,"column":27},"end":{"line":18,"column":71}},"13":{"start":{"line":19,"column":4},"end":{"line":19,"column":43}},"14":{"start":{"line":20,"column":21},"end":{"line":22,"column":6}},"15":{"start":{"line":23,"column":4},"end":{"line":23,"column":42}},"16":{"start":{"line":25,"column":4},"end":{"line":27,"column":5}},"17":{"start":{"line":26,"column":6},"end":{"line":26,"column":134}},"18":{"start":{"line":28,"column":4},"end":{"line":28,"column":51}},"19":{"start":{"line":29,"column":4},"end":{"line":29,"column":32}},"20":{"start":{"line":31,"column":4},"end":{"line":31,"column":31}},"21":{"start":{"line":35,"column":14},"end":{"line":53,"column":1}},"22":{"start":{"line":36,"column":33},"end":{"line":36,"column":41}},"23":{"start":{"line":38,"column":19},"end":{"line":40,"column":4}},"24":{"start":{"line":42,"column":2},"end":{"line":44,"column":3}},"25":{"start":{"line":43,"column":4},"end":{"line":43,"column":50}},"26":{"start":{"line":46,"column":28},"end":{"line":46,"column":76}},"27":{"start":{"line":48,"column":2},"end":{"line":50,"column":3}},"28":{"start":{"line":49,"column":4},"end":{"line":49,"column":50}},"29":{"start":{"line":51,"column":16},"end":{"line":51,"column":39}},"30":{"start":{"line":52,"column":2},"end":{"line":52,"column":51}},"31":{"start":{"line":55,"column":0},"end":{"line":55,"column":37}}},"fnMap":{"0":{"name":"(anonymous_0)","decl":{"start":{"line":9,"column":17},"end":{"line":9,"column":18}},"loc":{"start":{"line":9,"column":37},"end":{"line":33,"column":1}},"line":9},"1":{"name":"(anonymous_1)","decl":{"start":{"line":35,"column":14},"end":{"line":35,"column":15}},"loc":{"start":{"line":35,"column":34},"end":{"line":53,"column":1}},"line":35}},"branchMap":{"0":{"loc":{"start":{"line":13,"column":2},"end":{"line":15,"column":3}},"type":"if","locations":[{"start":{"line":13,"column":2},"end":{"line":15,"column":3}},{"start":{},"end":{}}],"line":13},"1":{"loc":{"start":{"line":25,"column":4},"end":{"line":27,"column":5}},"type":"if","locations":[{"start":{"line":25,"column":4},"end":{"line":27,"column":5}},{"start":{},"end":{}}],"line":25},"2":{"loc":{"start":{"line":25,"column":8},"end":{"line":25,"column":68}},"type":"binary-expr","locations":[{"start":{"line":25,"column":8},"end":{"line":25,"column":28}},{"start":{"line":25,"column":32},"end":{"line":25,"column":68}}],"line":25},"3":{"loc":{"start":{"line":42,"column":2},"end":{"line":44,"column":3}},"type":"if","locations":[{"start":{"line":42,"column":2},"end":{"line":44,"column":3}},{"start":{},"end":{}}],"line":42},"4":{"loc":{"start":{"line":48,"column":2},"end":{"line":50,"column":3}},"type":"if","locations":[{"start":{"line":48,"column":2},"end":{"line":50,"column":3}},{"start":{},"end":{}}],"line":48}},"s":{"0":3,"1":3,"2":3,"3":3,"4":3,"5":3,"6":3,"7":0,"8":0,"9":0,"10":0,"11":0,"12":0,"13":0,"14":0,"15":0,"16":0,"17":0,"18":0,"19":0,"20":0,"21":3,"22":0,"23":0,"24":0,"25":0,"26":0,"27":0,"28":0,"29":0,"30":0,"31":3},"f":{"0":0,"1":0},"b":{"0":[0,0],"1":[0,0],"2":[0,0],"3":[0,0],"4":[0,0]},"_coverageSchema":"1a1c01bbd47fc00a2c39e90264f33305004495a9","hash":"ea1b2cb578047c5fc1b838bd5619f59785ba5178"}
,"/home/robert/dev/binar-be-js/challenge-be-js/challenge5/src/controllers/transactionController.js": {"path":"/home/robert/dev/binar-be-js/challenge-be-js/challenge5/src/controllers/transactionController.js","statementMap":{"0":{"start":{"line":1,"column":25},"end":{"line":1,"column":50}},"1":{"start":{"line":3,"column":15},"end":{"line":3,"column":33}},"2":{"start":{"line":4,"column":17},"end":{"line":4,"column":43}},"3":{"start":{"line":5,"column":30},"end":{"line":5,"column":73}},"4":{"start":{"line":7,"column":24},"end":{"line":29,"column":1}},"5":{"start":{"line":8,"column":2},"end":{"line":28,"column":3}},"6":{"start":{"line":9,"column":17},"end":{"line":9,"column":50}},"7":{"start":{"line":10,"column":25},"end":{"line":10,"column":67}},"8":{"start":{"line":12,"column":19},"end":{"line":12,"column":44}},"9":{"start":{"line":14,"column":25},"end":{"line":17,"column":6}},"10":{"start":{"line":19,"column":4},"end":{"line":21,"column":5}},"11":{"start":{"line":20,"column":6},"end":{"line":20,"column":59}},"12":{"start":{"line":22,"column":4},"end":{"line":22,"column":46}},"13":{"start":{"line":24,"column":4},"end":{"line":24,"column":56}},"14":{"start":{"line":25,"column":4},"end":{"line":25,"column":32}},"15":{"start":{"line":27,"column":4},"end":{"line":27,"column":31}},"16":{"start":{"line":31,"column":30},"end":{"line":78,"column":1}},"17":{"start":{"line":32,"column":28},"end":{"line":32,"column":38}},"18":{"start":{"line":34,"column":2},"end":{"line":77,"column":3}},"19":{"start":{"line":35,"column":31},"end":{"line":65,"column":6}},"20":{"start":{"line":67,"column":4},"end":{"line":69,"column":5}},"21":{"start":{"line":68,"column":6},"end":{"line":68,"column":59}},"22":{"start":{"line":71,"column":4},"end":{"line":71,"column":52}},"23":{"start":{"line":73,"column":4},"end":{"line":73,"column":63}},"24":{"start":{"line":74,"column":4},"end":{"line":74,"column":32}},"25":{"start":{"line":76,"column":4},"end":{"line":76,"column":31}},"26":{"start":{"line":80,"column":26},"end":{"line":198,"column":1}},"27":{"start":{"line":81,"column":26},"end":{"line":81,"column":34}},"28":{"start":{"line":82,"column":20},"end":{"line":82,"column":63}},"29":{"start":{"line":84,"column":2},"end":{"line":86,"column":3}},"30":{"start":{"line":85,"column":4},"end":{"line":85,"column":69}},"31":{"start":{"line":90,"column":6},"end":{"line":90,"column":14}},"32":{"start":{"line":91,"column":2},"end":{"line":91,"column":50}},"33":{"start":{"line":92,"column":2},"end":{"line":92,"column":46}},"34":{"start":{"line":93,"column":2},"end":{"line":197,"column":3}},"35":{"start":{"line":94,"column":26},"end":{"line":96,"column":6}},"36":{"start":{"line":98,"column":4},"end":{"line":100,"column":5}},"37":{"start":{"line":99,"column":6},"end":{"line":99,"column":62}},"38":{"start":{"line":102,"column":4},"end":{"line":127,"column":5}},"39":{"start":{"line":103,"column":6},"end":{"line":105,"column":7}},"40":{"start":{"line":104,"column":8},"end":{"line":104,"column":82}},"41":{"start":{"line":107,"column":29},"end":{"line":115,"column":8}},"42":{"start":{"line":117,"column":6},"end":{"line":124,"column":9}},"43":{"start":{"line":126,"column":6},"end":{"line":126,"column":50}},"44":{"start":{"line":127,"column":6},"end":{"line":148,"column":5}},"45":{"start":{"line":128,"column":29},"end":{"line":136,"column":8}},"46":{"start":{"line":138,"column":6},"end":{"line":145,"column":9}},"47":{"start":{"line":147,"column":6},"end":{"line":147,"column":50}},"48":{"start":{"line":148,"column":6},"end":{"line":190,"column":5}},"49":{"start":{"line":149,"column":30},"end":{"line":151,"column":8}},"50":{"start":{"line":153,"column":6},"end":{"line":155,"column":7}},"51":{"start":{"line":154,"column":8},"end":{"line":154,"column":66}},"52":{"start":{"line":157,"column":6},"end":{"line":159,"column":7}},"53":{"start":{"line":158,"column":8},"end":{"line":158,"column":82}},"54":{"start":{"line":161,"column":29},"end":{"line":169,"column":8}},"55":{"start":{"line":171,"column":6},"end":{"line":178,"column":9}},"56":{"start":{"line":180,"column":6},"end":{"line":187,"column":9}},"57":{"start":{"line":189,"column":6},"end":{"line":189,"column":50}},"58":{"start":{"line":191,"column":4},"end":{"line":191,"column":60}},"59":{"start":{"line":193,"column":4},"end":{"line":193,"column":54}},"60":{"start":{"line":194,"column":4},"end":{"line":194,"column":32}},"61":{"start":{"line":196,"column":4},"end":{"line":196,"column":31}},"62":{"start":{"line":200,"column":0},"end":{"line":200,"column":79}}},"fnMap":{"0":{"name":"(anonymous_0)","decl":{"start":{"line":7,"column":24},"end":{"line":7,"column":25}},"loc":{"start":{"line":7,"column":44},"end":{"line":29,"column":1}},"line":7},"1":{"name":"(anonymous_1)","decl":{"start":{"line":31,"column":30},"end":{"line":31,"column":31}},"loc":{"start":{"line":31,"column":50},"end":{"line":78,"column":1}},"line":31},"2":{"name":"(anonymous_2)","decl":{"start":{"line":80,"column":26},"end":{"line":80,"column":27}},"loc":{"start":{"line":80,"column":46},"end":{"line":198,"column":1}},"line":80}},"branchMap":{"0":{"loc":{"start":{"line":9,"column":17},"end":{"line":9,"column":50}},"type":"binary-expr","locations":[{"start":{"line":9,"column":17},"end":{"line":9,"column":45}},{"start":{"line":9,"column":49},"end":{"line":9,"column":50}}],"line":9},"1":{"loc":{"start":{"line":10,"column":25},"end":{"line":10,"column":67}},"type":"binary-expr","locations":[{"start":{"line":10,"column":25},"end":{"line":10,"column":61}},{"start":{"line":10,"column":65},"end":{"line":10,"column":67}}],"line":10},"2":{"loc":{"start":{"line":19,"column":4},"end":{"line":21,"column":5}},"type":"if","locations":[{"start":{"line":19,"column":4},"end":{"line":21,"column":5}},{"start":{},"end":{}}],"line":19},"3":{"loc":{"start":{"line":67,"column":4},"end":{"line":69,"column":5}},"type":"if","locations":[{"start":{"line":67,"column":4},"end":{"line":69,"column":5}},{"start":{},"end":{}}],"line":67},"4":{"loc":{"start":{"line":67,"column":8},"end":{"line":67,"column":57}},"type":"binary-expr","locations":[{"start":{"line":67,"column":8},"end":{"line":67,"column":27}},{"start":{"line":67,"column":31},"end":{"line":67,"column":57}}],"line":67},"5":{"loc":{"start":{"line":84,"column":2},"end":{"line":86,"column":3}},"type":"if","locations":[{"start":{"line":84,"column":2},"end":{"line":86,"column":3}},{"start":{},"end":{}}],"line":84},"6":{"loc":{"start":{"line":98,"column":4},"end":{"line":100,"column":5}},"type":"if","locations":[{"start":{"line":98,"column":4},"end":{"line":100,"column":5}},{"start":{},"end":{}}],"line":98},"7":{"loc":{"start":{"line":102,"column":4},"end":{"line":127,"column":5}},"type":"if","locations":[{"start":{"line":102,"column":4},"end":{"line":127,"column":5}},{"start":{},"end":{}}],"line":102},"8":{"loc":{"start":{"line":103,"column":6},"end":{"line":105,"column":7}},"type":"if","locations":[{"start":{"line":103,"column":6},"end":{"line":105,"column":7}},{"start":{},"end":{}}],"line":103},"9":{"loc":{"start":{"line":127,"column":6},"end":{"line":148,"column":5}},"type":"if","locations":[{"start":{"line":127,"column":6},"end":{"line":148,"column":5}},{"start":{},"end":{}}],"line":127},"10":{"loc":{"start":{"line":148,"column":6},"end":{"line":190,"column":5}},"type":"if","locations":[{"start":{"line":148,"column":6},"end":{"line":190,"column":5}},{"start":{},"end":{}}],"line":148},"11":{"loc":{"start":{"line":153,"column":6},"end":{"line":155,"column":7}},"type":"if","locations":[{"start":{"line":153,"column":6},"end":{"line":155,"column":7}},{"start":{},"end":{}}],"line":153},"12":{"loc":{"start":{"line":157,"column":6},"end":{"line":159,"column":7}},"type":"if","locations":[{"start":{"line":157,"column":6},"end":{"line":159,"column":7}},{"start":{},"end":{}}],"line":157}},"s":{"0":3,"1":3,"2":3,"3":3,"4":3,"5":2,"6":2,"7":2,"8":2,"9":2,"10":2,"11":1,"12":1,"13":0,"14":0,"15":2,"16":3,"17":2,"18":2,"19":2,"20":2,"21":1,"22":1,"23":0,"24":0,"25":2,"26":3,"27":5,"28":5,"29":5,"30":2,"31":3,"32":3,"33":3,"34":3,"35":3,"36":3,"37":1,"38":2,"39":0,"40":0,"41":0,"42":0,"43":0,"44":2,"45":0,"46":0,"47":0,"48":2,"49":1,"50":1,"51":0,"52":1,"53":0,"54":1,"55":1,"56":1,"57":1,"58":1,"59":0,"60":0,"61":3,"62":3},"f":{"0":2,"1":2,"2":5},"b":{"0":[2,0],"1":[2,0],"2":[1,1],"3":[1,1],"4":[2,1],"5":[2,3],"6":[1,2],"7":[0,2],"8":[0,0],"9":[0,2],"10":[1,1],"11":[0,1],"12":[0,1]},"_coverageSchema":"1a1c01bbd47fc00a2c39e90264f33305004495a9","hash":"8f5ad4acd4388a6d32f699f30044172d76ccc21e"}
,"/home/robert/dev/binar-be-js/challenge-be-js/challenge5/src/controllers/userController.js": {"path":"/home/robert/dev/binar-be-js/challenge-be-js/challenge5/src/controllers/userController.js","statementMap":{"0":{"start":{"line":1,"column":25},"end":{"line":1,"column":50}},"1":{"start":{"line":3,"column":15},"end":{"line":3,"column":33}},"2":{"start":{"line":4,"column":17},"end":{"line":4,"column":43}},"3":{"start":{"line":5,"column":23},"end":{"line":5,"column":59}},"4":{"start":{"line":6,"column":15},"end":{"line":6,"column":32}},"5":{"start":{"line":8,"column":17},"end":{"line":45,"column":1}},"6":{"start":{"line":9,"column":2},"end":{"line":44,"column":3}},"7":{"start":{"line":10,"column":17},"end":{"line":10,"column":50}},"8":{"start":{"line":11,"column":25},"end":{"line":11,"column":67}},"9":{"start":{"line":13,"column":19},"end":{"line":13,"column":44}},"10":{"start":{"line":15,"column":18},"end":{"line":32,"column":6}},"11":{"start":{"line":34,"column":4},"end":{"line":36,"column":5}},"12":{"start":{"line":35,"column":6},"end":{"line":35,"column":41}},"13":{"start":{"line":38,"column":4},"end":{"line":38,"column":39}},"14":{"start":{"line":40,"column":4},"end":{"line":40,"column":52}},"15":{"start":{"line":41,"column":4},"end":{"line":41,"column":32}},"16":{"start":{"line":43,"column":4},"end":{"line":43,"column":31}},"17":{"start":{"line":47,"column":20},"end":{"line":84,"column":1}},"18":{"start":{"line":48,"column":17},"end":{"line":48,"column":34}},"19":{"start":{"line":49,"column":2},"end":{"line":83,"column":3}},"20":{"start":{"line":50,"column":17},"end":{"line":71,"column":6}},"21":{"start":{"line":73,"column":4},"end":{"line":75,"column":5}},"22":{"start":{"line":74,"column":6},"end":{"line":74,"column":34}},"23":{"start":{"line":77,"column":4},"end":{"line":77,"column":38}},"24":{"start":{"line":79,"column":4},"end":{"line":79,"column":51}},"25":{"start":{"line":80,"column":4},"end":{"line":80,"column":32}},"26":{"start":{"line":82,"column":4},"end":{"line":82,"column":31}},"27":{"start":{"line":86,"column":20},"end":{"line":110,"column":1}},"28":{"start":{"line":87,"column":23},"end":{"line":87,"column":31}},"29":{"start":{"line":88,"column":20},"end":{"line":88,"column":53}},"30":{"start":{"line":90,"column":2},"end":{"line":92,"column":3}},"31":{"start":{"line":91,"column":4},"end":{"line":91,"column":69}},"32":{"start":{"line":94,"column":2},"end":{"line":109,"column":3}},"33":{"start":{"line":95,"column":27},"end":{"line":95,"column":71}},"34":{"start":{"line":96,"column":4},"end":{"line":96,"column":43}},"35":{"start":{"line":97,"column":21},"end":{"line":99,"column":6}},"36":{"start":{"line":100,"column":4},"end":{"line":100,"column":42}},"37":{"start":{"line":102,"column":4},"end":{"line":104,"column":5}},"38":{"start":{"line":103,"column":6},"end":{"line":103,"column":134}},"39":{"start":{"line":105,"column":4},"end":{"line":105,"column":51}},"40":{"start":{"line":106,"column":4},"end":{"line":106,"column":32}},"41":{"start":{"line":108,"column":4},"end":{"line":108,"column":31}},"42":{"start":{"line":112,"column":23},"end":{"line":137,"column":1}},"43":{"start":{"line":113,"column":17},"end":{"line":113,"column":34}},"44":{"start":{"line":114,"column":23},"end":{"line":114,"column":31}},"45":{"start":{"line":116,"column":2},"end":{"line":136,"column":3}},"46":{"start":{"line":117,"column":25},"end":{"line":119,"column":6}},"47":{"start":{"line":121,"column":4},"end":{"line":123,"column":5}},"48":{"start":{"line":122,"column":6},"end":{"line":122,"column":52}},"49":{"start":{"line":125,"column":28},"end":{"line":128,"column":6}},"50":{"start":{"line":130,"column":4},"end":{"line":130,"column":49}},"51":{"start":{"line":132,"column":4},"end":{"line":132,"column":53}},"52":{"start":{"line":133,"column":4},"end":{"line":133,"column":32}},"53":{"start":{"line":135,"column":4},"end":{"line":135,"column":31}},"54":{"start":{"line":139,"column":23},"end":{"line":162,"column":1}},"55":{"start":{"line":140,"column":17},"end":{"line":140,"column":34}},"56":{"start":{"line":142,"column":2},"end":{"line":161,"column":3}},"57":{"start":{"line":143,"column":25},"end":{"line":145,"column":6}},"58":{"start":{"line":147,"column":4},"end":{"line":149,"column":5}},"59":{"start":{"line":148,"column":6},"end":{"line":148,"column":52}},"60":{"start":{"line":151,"column":4},"end":{"line":153,"column":7}},"61":{"start":{"line":155,"column":4},"end":{"line":155,"column":61}},"62":{"start":{"line":157,"column":4},"end":{"line":157,"column":53}},"63":{"start":{"line":158,"column":4},"end":{"line":158,"column":32}},"64":{"start":{"line":160,"column":4},"end":{"line":160,"column":31}},"65":{"start":{"line":164,"column":0},"end":{"line":166,"column":2}}},"fnMap":{"0":{"name":"(anonymous_0)","decl":{"start":{"line":8,"column":17},"end":{"line":8,"column":18}},"loc":{"start":{"line":8,"column":37},"end":{"line":45,"column":1}},"line":8},"1":{"name":"(anonymous_1)","decl":{"start":{"line":47,"column":20},"end":{"line":47,"column":21}},"loc":{"start":{"line":47,"column":40},"end":{"line":84,"column":1}},"line":47},"2":{"name":"(anonymous_2)","decl":{"start":{"line":86,"column":20},"end":{"line":86,"column":21}},"loc":{"start":{"line":86,"column":40},"end":{"line":110,"column":1}},"line":86},"3":{"name":"(anonymous_3)","decl":{"start":{"line":112,"column":23},"end":{"line":112,"column":24}},"loc":{"start":{"line":112,"column":43},"end":{"line":137,"column":1}},"line":112},"4":{"name":"(anonymous_4)","decl":{"start":{"line":139,"column":23},"end":{"line":139,"column":24}},"loc":{"start":{"line":139,"column":43},"end":{"line":162,"column":1}},"line":139}},"branchMap":{"0":{"loc":{"start":{"line":10,"column":17},"end":{"line":10,"column":50}},"type":"binary-expr","locations":[{"start":{"line":10,"column":17},"end":{"line":10,"column":45}},{"start":{"line":10,"column":49},"end":{"line":10,"column":50}}],"line":10},"1":{"loc":{"start":{"line":11,"column":25},"end":{"line":11,"column":67}},"type":"binary-expr","locations":[{"start":{"line":11,"column":25},"end":{"line":11,"column":61}},{"start":{"line":11,"column":65},"end":{"line":11,"column":67}}],"line":11},"2":{"loc":{"start":{"line":34,"column":4},"end":{"line":36,"column":5}},"type":"if","locations":[{"start":{"line":34,"column":4},"end":{"line":36,"column":5}},{"start":{},"end":{}}],"line":34},"3":{"loc":{"start":{"line":73,"column":4},"end":{"line":75,"column":5}},"type":"if","locations":[{"start":{"line":73,"column":4},"end":{"line":75,"column":5}},{"start":{},"end":{}}],"line":73},"4":{"loc":{"start":{"line":90,"column":2},"end":{"line":92,"column":3}},"type":"if","locations":[{"start":{"line":90,"column":2},"end":{"line":92,"column":3}},{"start":{},"end":{}}],"line":90},"5":{"loc":{"start":{"line":102,"column":4},"end":{"line":104,"column":5}},"type":"if","locations":[{"start":{"line":102,"column":4},"end":{"line":104,"column":5}},{"start":{},"end":{}}],"line":102},"6":{"loc":{"start":{"line":102,"column":8},"end":{"line":102,"column":68}},"type":"binary-expr","locations":[{"start":{"line":102,"column":8},"end":{"line":102,"column":28}},{"start":{"line":102,"column":32},"end":{"line":102,"column":68}}],"line":102},"7":{"loc":{"start":{"line":121,"column":4},"end":{"line":123,"column":5}},"type":"if","locations":[{"start":{"line":121,"column":4},"end":{"line":123,"column":5}},{"start":{},"end":{}}],"line":121},"8":{"loc":{"start":{"line":147,"column":4},"end":{"line":149,"column":5}},"type":"if","locations":[{"start":{"line":147,"column":4},"end":{"line":149,"column":5}},{"start":{},"end":{}}],"line":147}},"s":{"0":3,"1":3,"2":3,"3":3,"4":3,"5":3,"6":2,"7":2,"8":2,"9":2,"10":2,"11":2,"12":1,"13":1,"14":0,"15":0,"16":2,"17":3,"18":1,"19":1,"20":1,"21":1,"22":0,"23":1,"24":0,"25":0,"26":1,"27":3,"28":5,"29":5,"30":5,"31":0,"32":5,"33":5,"34":5,"35":5,"36":2,"37":3,"38":3,"39":0,"40":0,"41":5,"42":3,"43":1,"44":1,"45":1,"46":1,"47":1,"48":0,"49":1,"50":1,"51":0,"52":0,"53":1,"54":3,"55":0,"56":0,"57":0,"58":0,"59":0,"60":0,"61":0,"62":0,"63":0,"64":0,"65":3},"f":{"0":2,"1":1,"2":5,"3":1,"4":0},"b":{"0":[2,1],"1":[2,2],"2":[1,1],"3":[0,1],"4":[0,5],"5":[3,0],"6":[3,3],"7":[0,1],"8":[0,0]},"_coverageSchema":"1a1c01bbd47fc00a2c39e90264f33305004495a9","hash":"e2cb4fff893e2aae7214b7b19048d78bf34d6a3d"}
,"/home/robert/dev/binar-be-js/challenge-be-js/challenge5/src/routes/index.js": {"path":"/home/robert/dev/binar-be-js/challenge-be-js/challenge5/src/routes/index.js","statementMap":{"0":{"start":{"line":1,"column":16},"end":{"line":1,"column":34}},"1":{"start":{"line":2,"column":17},"end":{"line":2,"column":43}},"2":{"start":{"line":3,"column":17},"end":{"line":3,"column":38}},"3":{"start":{"line":5,"column":15},"end":{"line":5,"column":31}},"4":{"start":{"line":7,"column":20},"end":{"line":9,"column":1}},"5":{"start":{"line":8,"column":2},"end":{"line":8,"column":23}},"6":{"start":{"line":11,"column":0},"end":{"line":11,"column":32}},"7":{"start":{"line":12,"column":0},"end":{"line":12,"column":29}},"8":{"start":{"line":14,"column":0},"end":{"line":14,"column":24}}},"fnMap":{"0":{"name":"(anonymous_0)","decl":{"start":{"line":7,"column":20},"end":{"line":7,"column":21}},"loc":{"start":{"line":7,"column":34},"end":{"line":9,"column":1}},"line":7}},"branchMap":{},"s":{"0":3,"1":3,"2":3,"3":3,"4":3,"5":3,"6":3,"7":3,"8":3},"f":{"0":3},"b":{},"_coverageSchema":"1a1c01bbd47fc00a2c39e90264f33305004495a9","hash":"bd8468b9dff55157c95f5f2259a86ed569cec2a2"}
,"/home/robert/dev/binar-be-js/challenge-be-js/challenge5/src/routes/v1/accounts.js": {"path":"/home/robert/dev/binar-be-js/challenge-be-js/challenge5/src/routes/v1/accounts.js","statementMap":{"0":{"start":{"line":1,"column":16},"end":{"line":1,"column":34}},"1":{"start":{"line":2,"column":26},"end":{"line":2,"column":67}},"2":{"start":{"line":4,"column":15},"end":{"line":4,"column":31}},"3":{"start":{"line":5,"column":0},"end":{"line":5,"column":50}},"4":{"start":{"line":6,"column":0},"end":{"line":6,"column":60}},"5":{"start":{"line":7,"column":0},"end":{"line":7,"column":60}},"6":{"start":{"line":9,"column":0},"end":{"line":9,"column":24}}},"fnMap":{},"branchMap":{},"s":{"0":3,"1":3,"2":3,"3":3,"4":3,"5":3,"6":3},"f":{},"b":{},"_coverageSchema":"1a1c01bbd47fc00a2c39e90264f33305004495a9","hash":"d8193b6b28a83766f20b95abe80a4afb7cfd704a"}
,"/home/robert/dev/binar-be-js/challenge-be-js/challenge5/src/routes/v1/auth.js": {"path":"/home/robert/dev/binar-be-js/challenge-be-js/challenge5/src/routes/v1/auth.js","statementMap":{"0":{"start":{"line":1,"column":16},"end":{"line":1,"column":34}},"1":{"start":{"line":2,"column":23},"end":{"line":2,"column":61}},"2":{"start":{"line":4,"column":15},"end":{"line":4,"column":31}},"3":{"start":{"line":5,"column":0},"end":{"line":5,"column":44}},"4":{"start":{"line":6,"column":0},"end":{"line":6,"column":50}},"5":{"start":{"line":8,"column":0},"end":{"line":8,"column":24}}},"fnMap":{},"branchMap":{},"s":{"0":3,"1":3,"2":3,"3":3,"4":3,"5":3},"f":{},"b":{},"_coverageSchema":"1a1c01bbd47fc00a2c39e90264f33305004495a9","hash":"9b10770d57f2abb69e0ed6757c6d186f0dd1fbed"}
,"/home/robert/dev/binar-be-js/challenge-be-js/challenge5/src/routes/v1/index.js": {"path":"/home/robert/dev/binar-be-js/challenge-be-js/challenge5/src/routes/v1/index.js","statementMap":{"0":{"start":{"line":1,"column":16},"end":{"line":1,"column":34}},"1":{"start":{"line":2,"column":19},"end":{"line":2,"column":46}},"2":{"start":{"line":3,"column":22},"end":{"line":3,"column":52}},"3":{"start":{"line":4,"column":26},"end":{"line":4,"column":60}},"4":{"start":{"line":5,"column":19},"end":{"line":5,"column":45}},"5":{"start":{"line":8,"column":15},"end":{"line":8,"column":31}},"6":{"start":{"line":12,"column":0},"end":{"line":12,"column":33}},"7":{"start":{"line":13,"column":0},"end":{"line":13,"column":39}},"8":{"start":{"line":14,"column":0},"end":{"line":14,"column":47}},"9":{"start":{"line":15,"column":0},"end":{"line":15,"column":32}},"10":{"start":{"line":17,"column":0},"end":{"line":17,"column":24}}},"fnMap":{},"branchMap":{},"s":{"0":3,"1":3,"2":3,"3":3,"4":3,"5":3,"6":3,"7":3,"8":3,"9":3,"10":3},"f":{},"b":{},"_coverageSchema":"1a1c01bbd47fc00a2c39e90264f33305004495a9","hash":"07453920b5e2143ecd75b00384b20eb5434b7b5b"}
,"/home/robert/dev/binar-be-js/challenge-be-js/challenge5/src/routes/v1/transactions.js": {"path":"/home/robert/dev/binar-be-js/challenge-be-js/challenge5/src/routes/v1/transactions.js","statementMap":{"0":{"start":{"line":1,"column":16},"end":{"line":1,"column":34}},"1":{"start":{"line":2,"column":30},"end":{"line":2,"column":75}},"2":{"start":{"line":4,"column":15},"end":{"line":4,"column":31}},"3":{"start":{"line":5,"column":0},"end":{"line":5,"column":55}},"4":{"start":{"line":6,"column":0},"end":{"line":6,"column":75}},"5":{"start":{"line":7,"column":0},"end":{"line":7,"column":58}},"6":{"start":{"line":9,"column":0},"end":{"line":9,"column":24}}},"fnMap":{},"branchMap":{},"s":{"0":3,"1":3,"2":3,"3":3,"4":3,"5":3,"6":3},"f":{},"b":{},"_coverageSchema":"1a1c01bbd47fc00a2c39e90264f33305004495a9","hash":"d354df3465c1861073012e136295beb479359666"}
,"/home/robert/dev/binar-be-js/challenge-be-js/challenge5/src/routes/v1/users.js": {"path":"/home/robert/dev/binar-be-js/challenge-be-js/challenge5/src/routes/v1/users.js","statementMap":{"0":{"start":{"line":1,"column":23},"end":{"line":1,"column":61}},"1":{"start":{"line":3,"column":16},"end":{"line":3,"column":34}},"2":{"start":{"line":5,"column":15},"end":{"line":5,"column":31}},"3":{"start":{"line":6,"column":0},"end":{"line":6,"column":41}},"4":{"start":{"line":7,"column":0},"end":{"line":7,"column":51}},"5":{"start":{"line":8,"column":0},"end":{"line":8,"column":45}},"6":{"start":{"line":9,"column":0},"end":{"line":9,"column":54}},"7":{"start":{"line":10,"column":0},"end":{"line":10,"column":57}},"8":{"start":{"line":12,"column":0},"end":{"line":12,"column":24}}},"fnMap":{},"branchMap":{},"s":{"0":3,"1":3,"2":3,"3":3,"4":3,"5":3,"6":3,"7":3,"8":3},"f":{},"b":{},"_coverageSchema":"1a1c01bbd47fc00a2c39e90264f33305004495a9","hash":"b0add0049536609b7cffbb3845d38af06b8860b1"}
,"/home/robert/dev/binar-be-js/challenge-be-js/challenge5/src/utils/helper.js": {"path":"/home/robert/dev/binar-be-js/challenge-be-js/challenge5/src/utils/helper.js","statementMap":{"0":{"start":{"line":1,"column":15},"end":{"line":1,"column":32}},"1":{"start":{"line":3,"column":13},"end":{"line":3,"column":15}},"2":{"start":{"line":6,"column":2},"end":{"line":11,"column":3}},"3":{"start":{"line":7,"column":30},"end":{"line":7,"column":63}},"4":{"start":{"line":8,"column":4},"end":{"line":8,"column":29}},"5":{"start":{"line":10,"column":4},"end":{"line":10,"column":23}},"6":{"start":{"line":14,"column":2},"end":{"line":19,"column":3}},"7":{"start":{"line":15,"column":22},"end":{"line":15,"column":71}},"8":{"start":{"line":16,"column":4},"end":{"line":16,"column":21}},"9":{"start":{"line":18,"column":4},"end":{"line":18,"column":23}},"10":{"start":{"line":22,"column":0},"end":{"line":22,"column":52}}},"fnMap":{"0":{"name":"encryptPassword","decl":{"start":{"line":5,"column":15},"end":{"line":5,"column":30}},"loc":{"start":{"line":5,"column":41},"end":{"line":12,"column":1}},"line":5},"1":{"name":"checkPassword","decl":{"start":{"line":13,"column":15},"end":{"line":13,"column":28}},"loc":{"start":{"line":13,"column":58},"end":{"line":20,"column":1}},"line":13}},"branchMap":{},"s":{"0":3,"1":3,"2":0,"3":0,"4":0,"5":0,"6":0,"7":0,"8":0,"9":0,"10":3},"f":{"0":0,"1":0},"b":{},"_coverageSchema":"1a1c01bbd47fc00a2c39e90264f33305004495a9","hash":"71f59f5bd5944bf7c8c470f2a8b3fd817f7ae84e"}
,"/home/robert/dev/binar-be-js/challenge-be-js/challenge5/src/utils/jwt.js": {"path":"/home/robert/dev/binar-be-js/challenge-be-js/challenge5/src/utils/jwt.js","statementMap":{"0":{"start":{"line":1,"column":12},"end":{"line":1,"column":35}},"1":{"start":{"line":2,"column":17},"end":{"line":2,"column":43}},"2":{"start":{"line":4,"column":27},"end":{"line":4,"column":38}},"3":{"start":{"line":6,"column":28},"end":{"line":6,"column":39}},"4":{"start":{"line":7,"column":2},"end":{"line":9,"column":3}},"5":{"start":{"line":8,"column":4},"end":{"line":8,"column":32}},"6":{"start":{"line":10,"column":2},"end":{"line":16,"column":5}},"7":{"start":{"line":11,"column":4},"end":{"line":13,"column":5}},"8":{"start":{"line":12,"column":6},"end":{"line":12,"column":34}},"9":{"start":{"line":14,"column":4},"end":{"line":14,"column":23}},"10":{"start":{"line":15,"column":4},"end":{"line":15,"column":11}},"11":{"start":{"line":19,"column":16},"end":{"line":19,"column":67}},"12":{"start":{"line":20,"column":2},"end":{"line":20,"column":15}},"13":{"start":{"line":22,"column":0},"end":{"line":25,"column":2}}},"fnMap":{"0":{"name":"auth","decl":{"start":{"line":5,"column":15},"end":{"line":5,"column":19}},"loc":{"start":{"line":5,"column":36},"end":{"line":17,"column":1}},"line":5},"1":{"name":"(anonymous_1)","decl":{"start":{"line":10,"column":44},"end":{"line":10,"column":45}},"loc":{"start":{"line":10,"column":62},"end":{"line":16,"column":3}},"line":10},"2":{"name":"JWTsign","decl":{"start":{"line":18,"column":15},"end":{"line":18,"column":22}},"loc":{"start":{"line":18,"column":29},"end":{"line":21,"column":1}},"line":18}},"branchMap":{"0":{"loc":{"start":{"line":7,"column":2},"end":{"line":9,"column":3}},"type":"if","locations":[{"start":{"line":7,"column":2},"end":{"line":9,"column":3}},{"start":{},"end":{}}],"line":7},"1":{"loc":{"start":{"line":11,"column":4},"end":{"line":13,"column":5}},"type":"if","locations":[{"start":{"line":11,"column":4},"end":{"line":13,"column":5}},{"start":{},"end":{}}],"line":11}},"s":{"0":3,"1":3,"2":3,"3":0,"4":0,"5":0,"6":0,"7":0,"8":0,"9":0,"10":0,"11":0,"12":0,"13":3},"f":{"0":0,"1":0,"2":0},"b":{"0":[0,0],"1":[0,0]},"_coverageSchema":"1a1c01bbd47fc00a2c39e90264f33305004495a9","hash":"15477fe14e995486f925634ae3f53ba74395d0b4"}
,"/home/robert/dev/binar-be-js/challenge-be-js/challenge5/src/utils/response.js": {"path":"/home/robert/dev/binar-be-js/challenge-be-js/challenge5/src/utils/response.js","statementMap":{"0":{"start":{"line":1,"column":0},"end":{"line":6,"column":2}},"1":{"start":{"line":2,"column":19},"end":{"line":2,"column":49}},"2":{"start":{"line":3,"column":2},"end":{"line":3,"column":18}},"3":{"start":{"line":4,"column":2},"end":{"line":4,"column":21}},"4":{"start":{"line":5,"column":2},"end":{"line":5,"column":12}},"5":{"start":{"line":8,"column":0},"end":{"line":13,"column":2}},"6":{"start":{"line":9,"column":19},"end":{"line":9,"column":49}},"7":{"start":{"line":10,"column":2},"end":{"line":10,"column":18}},"8":{"start":{"line":11,"column":2},"end":{"line":11,"column":21}},"9":{"start":{"line":12,"column":2},"end":{"line":12,"column":12}},"10":{"start":{"line":15,"column":0},"end":{"line":20,"column":2}},"11":{"start":{"line":16,"column":19},"end":{"line":16,"column":49}},"12":{"start":{"line":17,"column":2},"end":{"line":17,"column":18}},"13":{"start":{"line":18,"column":2},"end":{"line":18,"column":21}},"14":{"start":{"line":19,"column":2},"end":{"line":19,"column":12}},"15":{"start":{"line":22,"column":0},"end":{"line":27,"column":2}},"16":{"start":{"line":23,"column":19},"end":{"line":23,"column":49}},"17":{"start":{"line":24,"column":2},"end":{"line":24,"column":18}},"18":{"start":{"line":25,"column":2},"end":{"line":25,"column":21}},"19":{"start":{"line":26,"column":2},"end":{"line":26,"column":12}},"20":{"start":{"line":29,"column":0},"end":{"line":34,"column":2}},"21":{"start":{"line":30,"column":19},"end":{"line":30,"column":49}},"22":{"start":{"line":31,"column":2},"end":{"line":31,"column":18}},"23":{"start":{"line":32,"column":2},"end":{"line":32,"column":21}},"24":{"start":{"line":33,"column":2},"end":{"line":33,"column":12}},"25":{"start":{"line":36,"column":0},"end":{"line":41,"column":2}},"26":{"start":{"line":37,"column":19},"end":{"line":37,"column":49}},"27":{"start":{"line":38,"column":2},"end":{"line":38,"column":18}},"28":{"start":{"line":39,"column":2},"end":{"line":39,"column":21}},"29":{"start":{"line":40,"column":2},"end":{"line":40,"column":12}},"30":{"start":{"line":43,"column":0},"end":{"line":48,"column":2}},"31":{"start":{"line":44,"column":19},"end":{"line":44,"column":49}},"32":{"start":{"line":45,"column":2},"end":{"line":45,"column":18}},"33":{"start":{"line":46,"column":2},"end":{"line":46,"column":21}},"34":{"start":{"line":47,"column":2},"end":{"line":47,"column":12}}},"fnMap":{"0":{"name":"(anonymous_0)","decl":{"start":{"line":1,"column":17},"end":{"line":1,"column":18}},"loc":{"start":{"line":1,"column":53},"end":{"line":6,"column":1}},"line":1},"1":{"name":"(anonymous_1)","decl":{"start":{"line":8,"column":17},"end":{"line":8,"column":18}},"loc":{"start":{"line":8,"column":53},"end":{"line":13,"column":1}},"line":8},"2":{"name":"(anonymous_2)","decl":{"start":{"line":15,"column":17},"end":{"line":15,"column":18}},"loc":{"start":{"line":15,"column":57},"end":{"line":20,"column":1}},"line":15},"3":{"name":"(anonymous_3)","decl":{"start":{"line":22,"column":17},"end":{"line":22,"column":18}},"loc":{"start":{"line":22,"column":58},"end":{"line":27,"column":1}},"line":22},"4":{"name":"(anonymous_4)","decl":{"start":{"line":29,"column":17},"end":{"line":29,"column":18}},"loc":{"start":{"line":29,"column":55},"end":{"line":34,"column":1}},"line":29},"5":{"name":"(anonymous_5)","decl":{"start":{"line":36,"column":17},"end":{"line":36,"column":18}},"loc":{"start":{"line":36,"column":55},"end":{"line":41,"column":1}},"line":36},"6":{"name":"(anonymous_6)","decl":{"start":{"line":43,"column":17},"end":{"line":43,"column":18}},"loc":{"start":{"line":43,"column":58},"end":{"line":48,"column":1}},"line":43}},"branchMap":{"0":{"loc":{"start":{"line":1,"column":29},"end":{"line":1,"column":48}},"type":"default-arg","locations":[{"start":{"line":1,"column":39},"end":{"line":1,"column":48}}],"line":1},"1":{"loc":{"start":{"line":8,"column":29},"end":{"line":8,"column":48}},"type":"default-arg","locations":[{"start":{"line":8,"column":39},"end":{"line":8,"column":48}}],"line":8},"2":{"loc":{"start":{"line":15,"column":29},"end":{"line":15,"column":52}},"type":"default-arg","locations":[{"start":{"line":15,"column":39},"end":{"line":15,"column":52}}],"line":15},"3":{"loc":{"start":{"line":22,"column":29},"end":{"line":22,"column":53}},"type":"default-arg","locations":[{"start":{"line":22,"column":39},"end":{"line":22,"column":53}}],"line":22},"4":{"loc":{"start":{"line":29,"column":29},"end":{"line":29,"column":50}},"type":"default-arg","locations":[{"start":{"line":29,"column":39},"end":{"line":29,"column":50}}],"line":29},"5":{"loc":{"start":{"line":36,"column":29},"end":{"line":36,"column":50}},"type":"default-arg","locations":[{"start":{"line":36,"column":39},"end":{"line":36,"column":50}}],"line":36},"6":{"loc":{"start":{"line":43,"column":29},"end":{"line":43,"column":53}},"type":"default-arg","locations":[{"start":{"line":43,"column":39},"end":{"line":43,"column":53}}],"line":43}},"s":{"0":3,"1":9,"2":9,"3":9,"4":9,"5":3,"6":2,"7":2,"8":2,"9":2,"10":3,"11":4,"12":4,"13":4,"14":4,"15":3,"16":0,"17":0,"18":0,"19":0,"20":3,"21":0,"22":0,"23":0,"24":0,"25":3,"26":10,"27":10,"28":10,"29":10,"30":3,"31":0,"32":0,"33":0,"34":0},"f":{"0":9,"1":2,"2":4,"3":0,"4":0,"5":10,"6":0},"b":{"0":[9],"1":[2],"2":[1],"3":[0],"4":[0],"5":[10],"6":[0]},"_coverageSchema":"1a1c01bbd47fc00a2c39e90264f33305004495a9","hash":"83209bc9b9dc553bd9e3112cef5cfe3d20abcd58"}
,"/home/robert/dev/binar-be-js/challenge-be-js/challenge5/src/validators/accountValidator.js": {"path":"/home/robert/dev/binar-be-js/challenge-be-js/challenge5/src/validators/accountValidator.js","statementMap":{"0":{"start":{"line":1,"column":12},"end":{"line":1,"column":26}},"1":{"start":{"line":3,"column":22},"end":{"line":8,"column":2}},"2":{"start":{"line":10,"column":0},"end":{"line":12,"column":2}}},"fnMap":{},"branchMap":{},"s":{"0":3,"1":3,"2":3},"f":{},"b":{},"_coverageSchema":"1a1c01bbd47fc00a2c39e90264f33305004495a9","hash":"5e02b9d3caaf6b627582ea8154e354035dcb4309"}
,"/home/robert/dev/binar-be-js/challenge-be-js/challenge5/src/validators/transactionValidator.js": {"path":"/home/robert/dev/binar-be-js/challenge-be-js/challenge5/src/validators/transactionValidator.js","statementMap":{"0":{"start":{"line":1,"column":12},"end":{"line":1,"column":26}},"1":{"start":{"line":3,"column":26},"end":{"line":9,"column":2}},"2":{"start":{"line":11,"column":0},"end":{"line":13,"column":2}}},"fnMap":{},"branchMap":{},"s":{"0":3,"1":3,"2":3},"f":{},"b":{},"_coverageSchema":"1a1c01bbd47fc00a2c39e90264f33305004495a9","hash":"ea2b06af596b2b835eb428496054cd671af11cac"}
,"/home/robert/dev/binar-be-js/challenge-be-js/challenge5/src/validators/userValidator.js": {"path":"/home/robert/dev/binar-be-js/challenge-be-js/challenge5/src/validators/userValidator.js","statementMap":{"0":{"start":{"line":1,"column":12},"end":{"line":1,"column":26}},"1":{"start":{"line":3,"column":19},"end":{"line":13,"column":2}},"2":{"start":{"line":15,"column":0},"end":{"line":17,"column":2}}},"fnMap":{},"branchMap":{},"s":{"0":3,"1":3,"2":3},"f":{},"b":{},"_coverageSchema":"1a1c01bbd47fc00a2c39e90264f33305004495a9","hash":"65dc63af387333c35dd87667efcc22800fcad6f5"}
}
