TN:
SF:app.js
FN:21,(anonymous_0)
FN:25,(anonymous_1)
FNF:2
FNH:0
FNDA:0,(anonymous_0)
FNDA:0,(anonymous_1)
DA:1,3
DA:2,3
DA:4,3
DA:5,3
DA:6,3
DA:7,3
DA:9,3
DA:11,3
DA:12,3
DA:13,3
DA:14,3
DA:15,3
DA:16,3
DA:17,3
DA:18,3
DA:20,3
DA:21,0
DA:22,0
DA:25,0
DA:26,0
DA:29,3
LF:21
LH:17
BRDA:20,0,0,0
BRDA:20,0,1,3
BRF:2
BRH:1
end_of_record
TN:
SF:src/controllers/accountController.js
FN:7,(anonymous_0)
FN:46,(anonymous_1)
FN:83,(anonymous_2)
FNF:3
FNH:3
FNDA:3,(anonymous_0)
FNDA:2,(anonymous_1)
FNDA:2,(anonymous_2)
DA:1,3
DA:2,3
DA:4,3
DA:5,3
DA:7,3
DA:8,3
DA:9,3
DA:11,3
DA:13,3
DA:14,1
DA:17,2
DA:18,2
DA:22,2
DA:23,1
DA:26,1
DA:37,1
DA:39,0
DA:40,0
DA:42,2
DA:46,3
DA:47,2
DA:49,2
DA:50,2
DA:68,2
DA:69,1
DA:72,1
DA:74,1
DA:76,0
DA:77,0
DA:79,2
DA:83,3
DA:84,2
DA:85,2
DA:86,2
DA:88,2
DA:90,2
DA:95,2
DA:96,1
DA:99,1
DA:101,0
DA:102,0
DA:104,2
DA:108,3
LF:43
LH:37
BRDA:13,0,0,1
BRDA:13,0,1,2
BRDA:22,1,0,1
BRDA:22,1,1,1
BRDA:68,2,0,1
BRDA:68,2,1,1
BRDA:85,3,0,2
BRDA:85,3,1,0
BRDA:86,4,0,2
BRDA:86,4,1,0
BRDA:95,5,0,1
BRDA:95,5,1,1
BRF:12
BRH:10
end_of_record
TN:
SF:src/controllers/authController.js
FN:9,(anonymous_0)
FN:35,(anonymous_1)
FNF:2
FNH:0
FNDA:0,(anonymous_0)
FNDA:0,(anonymous_1)
DA:1,3
DA:2,3
DA:3,3
DA:4,3
DA:5,3
DA:7,3
DA:9,3
DA:10,0
DA:11,0
DA:13,0
DA:14,0
DA:17,0
DA:18,0
DA:19,0
DA:20,0
DA:23,0
DA:25,0
DA:26,0
DA:28,0
DA:29,0
DA:31,0
DA:35,3
DA:36,0
DA:38,0
DA:42,0
DA:43,0
DA:46,0
DA:48,0
DA:49,0
DA:51,0
DA:52,0
DA:55,3
LF:32
LH:9
BRDA:13,0,0,0
BRDA:13,0,1,0
BRDA:25,1,0,0
BRDA:25,1,1,0
BRDA:25,2,0,0
BRDA:25,2,1,0
BRDA:42,3,0,0
BRDA:42,3,1,0
BRDA:48,4,0,0
BRDA:48,4,1,0
BRF:10
BRH:0
end_of_record
TN:
SF:src/controllers/transactionController.js
FN:7,(anonymous_0)
FN:31,(anonymous_1)
FN:80,(anonymous_2)
FNF:3
FNH:3
FNDA:2,(anonymous_0)
FNDA:2,(anonymous_1)
FNDA:5,(anonymous_2)
DA:1,3
DA:3,3
DA:4,3
DA:5,3
DA:7,3
DA:8,2
DA:9,2
DA:10,2
DA:12,2
DA:14,2
DA:19,2
DA:20,1
DA:22,1
DA:24,0
DA:25,0
DA:27,2
DA:31,3
DA:32,2
DA:34,2
DA:35,2
DA:67,2
DA:68,1
DA:71,1
DA:73,0
DA:74,0
DA:76,2
DA:80,3
DA:81,5
DA:82,5
DA:84,5
DA:85,2
DA:90,3
DA:91,3
DA:92,3
DA:93,3
DA:94,3
DA:98,3
DA:99,1
DA:102,2
DA:103,0
DA:104,0
DA:107,0
DA:117,0
DA:126,0
DA:127,2
DA:128,0
DA:138,0
DA:147,0
DA:148,2
DA:149,1
DA:153,1
DA:154,0
DA:157,1
DA:158,0
DA:161,1
DA:171,1
DA:180,1
DA:189,1
DA:191,1
DA:193,0
DA:194,0
DA:196,3
DA:200,3
LF:63
LH:47
BRDA:9,0,0,2
BRDA:9,0,1,0
BRDA:10,1,0,2
BRDA:10,1,1,0
BRDA:19,2,0,1
BRDA:19,2,1,1
BRDA:67,3,0,1
BRDA:67,3,1,1
BRDA:67,4,0,2
BRDA:67,4,1,1
BRDA:84,5,0,2
BRDA:84,5,1,3
BRDA:98,6,0,1
BRDA:98,6,1,2
BRDA:102,7,0,0
BRDA:102,7,1,2
BRDA:103,8,0,0
BRDA:103,8,1,0
BRDA:127,9,0,0
BRDA:127,9,1,2
BRDA:148,10,0,1
BRDA:148,10,1,1
BRDA:153,11,0,0
BRDA:153,11,1,1
BRDA:157,12,0,0
BRDA:157,12,1,1
BRF:26
BRH:18
end_of_record
TN:
SF:src/controllers/userController.js
FN:8,(anonymous_0)
FN:47,(anonymous_1)
FN:86,(anonymous_2)
FN:112,(anonymous_3)
FN:139,(anonymous_4)
FNF:5
FNH:4
FNDA:2,(anonymous_0)
FNDA:1,(anonymous_1)
FNDA:5,(anonymous_2)
FNDA:1,(anonymous_3)
FNDA:0,(anonymous_4)
DA:1,3
DA:3,3
DA:4,3
DA:5,3
DA:6,3
DA:8,3
DA:9,2
DA:10,2
DA:11,2
DA:13,2
DA:15,2
DA:34,2
DA:35,1
DA:38,1
DA:40,0
DA:41,0
DA:43,2
DA:47,3
DA:48,1
DA:49,1
DA:50,1
DA:73,1
DA:74,0
DA:77,1
DA:79,0
DA:80,0
DA:82,1
DA:86,3
DA:87,5
DA:88,5
DA:90,5
DA:91,0
DA:94,5
DA:95,5
DA:96,5
DA:97,5
DA:100,2
DA:102,3
DA:103,3
DA:105,0
DA:106,0
DA:108,5
DA:112,3
DA:113,1
DA:114,1
DA:116,1
DA:117,1
DA:121,1
DA:122,0
DA:125,1
DA:130,1
DA:132,0
DA:133,0
DA:135,1
DA:139,3
DA:140,0
DA:142,0
DA:143,0
DA:147,0
DA:148,0
DA:151,0
DA:155,0
DA:157,0
DA:158,0
DA:160,0
DA:164,3
LF:66
LH:45
BRDA:10,0,0,2
BRDA:10,0,1,1
BRDA:11,1,0,2
BRDA:11,1,1,2
BRDA:34,2,0,1
BRDA:34,2,1,1
BRDA:73,3,0,0
BRDA:73,3,1,1
BRDA:90,4,0,0
BRDA:90,4,1,5
BRDA:102,5,0,3
BRDA:102,5,1,0
BRDA:102,6,0,3
BRDA:102,6,1,3
BRDA:121,7,0,0
BRDA:121,7,1,1
BRDA:147,8,0,0
BRDA:147,8,1,0
BRF:18
BRH:12
end_of_record
TN:
SF:src/routes/index.js
FN:7,(anonymous_0)
FNF:1
FNH:1
FNDA:3,(anonymous_0)
DA:1,3
DA:2,3
DA:3,3
DA:5,3
DA:7,3
DA:8,3
DA:11,3
DA:12,3
DA:14,3
LF:9
LH:9
BRF:0
BRH:0
end_of_record
TN:
SF:src/routes/v1/accounts.js
FNF:0
FNH:0
DA:1,3
DA:2,3
DA:4,3
DA:5,3
DA:6,3
DA:7,3
DA:9,3
LF:7
LH:7
BRF:0
BRH:0
end_of_record
TN:
SF:src/routes/v1/auth.js
FNF:0
FNH:0
DA:1,3
DA:2,3
DA:4,3
DA:5,3
DA:6,3
DA:8,3
LF:6
LH:6
BRF:0
BRH:0
end_of_record
TN:
SF:src/routes/v1/index.js
FNF:0
FNH:0
DA:1,3
DA:2,3
DA:3,3
DA:4,3
DA:5,3
DA:8,3
DA:12,3
DA:13,3
DA:14,3
DA:15,3
DA:17,3
LF:11
LH:11
BRF:0
BRH:0
end_of_record
TN:
SF:src/routes/v1/transactions.js
FNF:0
FNH:0
DA:1,3
DA:2,3
DA:4,3
DA:5,3
DA:6,3
DA:7,3
DA:9,3
LF:7
LH:7
BRF:0
BRH:0
end_of_record
TN:
SF:src/routes/v1/users.js
FNF:0
FNH:0
DA:1,3
DA:3,3
DA:5,3
DA:6,3
DA:7,3
DA:8,3
DA:9,3
DA:10,3
DA:12,3
LF:9
LH:9
BRF:0
BRH:0
end_of_record
TN:
SF:src/utils/helper.js
FN:5,encryptPassword
FN:13,checkPassword
FNF:2
FNH:0
FNDA:0,encryptPassword
FNDA:0,checkPassword
DA:1,3
DA:3,3
DA:6,0
DA:7,0
DA:8,0
DA:10,0
DA:14,0
DA:15,0
DA:16,0
DA:18,0
DA:22,3
LF:11
LH:3
BRF:0
BRH:0
end_of_record
TN:
SF:src/utils/jwt.js
FN:5,auth
FN:10,(anonymous_1)
FN:18,JWTsign
FNF:3
FNH:0
FNDA:0,auth
FNDA:0,(anonymous_1)
FNDA:0,JWTsign
DA:1,3
DA:2,3
DA:4,3
DA:6,0
DA:7,0
DA:8,0
DA:10,0
DA:11,0
DA:12,0
DA:14,0
DA:15,0
DA:19,0
DA:20,0
DA:22,3
LF:14
LH:4
BRDA:7,0,0,0
BRDA:7,0,1,0
BRDA:11,1,0,0
BRDA:11,1,1,0
BRF:4
BRH:0
end_of_record
TN:
SF:src/utils/response.js
FN:1,(anonymous_0)
FN:8,(anonymous_1)
FN:15,(anonymous_2)
FN:22,(anonymous_3)
FN:29,(anonymous_4)
FN:36,(anonymous_5)
FN:43,(anonymous_6)
FNF:7
FNH:4
FNDA:9,(anonymous_0)
FNDA:2,(anonymous_1)
FNDA:4,(anonymous_2)
FNDA:0,(anonymous_3)
FNDA:0,(anonymous_4)
FNDA:10,(anonymous_5)
FNDA:0,(anonymous_6)
DA:1,3
DA:2,9
DA:3,9
DA:4,9
DA:5,9
DA:8,3
DA:9,2
DA:10,2
DA:11,2
DA:12,2
DA:15,3
DA:16,4
DA:17,4
DA:18,4
DA:19,4
DA:22,3
DA:23,0
DA:24,0
DA:25,0
DA:26,0
DA:29,3
DA:30,0
DA:31,0
DA:32,0
DA:33,0
DA:36,3
DA:37,10
DA:38,10
DA:39,10
DA:40,10
DA:43,3
DA:44,0
DA:45,0
DA:46,0
DA:47,0
LF:35
LH:23
BRDA:1,0,0,9
BRDA:8,1,0,2
BRDA:15,2,0,1
BRDA:22,3,0,0
BRDA:29,4,0,0
BRDA:36,5,0,10
BRDA:43,6,0,0
BRF:7
BRH:4
end_of_record
TN:
SF:src/validators/accountValidator.js
FNF:0
FNH:0
DA:1,3
DA:3,3
DA:10,3
LF:3
LH:3
BRF:0
BRH:0
end_of_record
TN:
SF:src/validators/transactionValidator.js
FNF:0
FNH:0
DA:1,3
DA:3,3
DA:11,3
LF:3
LH:3
BRF:0
BRH:0
end_of_record
TN:
SF:src/validators/userValidator.js
FNF:0
FNH:0
DA:1,3
DA:3,3
DA:15,3
LF:3
LH:3
BRF:0
BRH:0
end_of_record
